2023-03-08T14:26:04+00:00 DEBUG tt4b_product_sync: missing access token for tt4b_product_sync
2023-03-08T14:26:06+00:00 DEBUG tt4b_product_sync: missing access token for tt4b_product_sync
2023-03-08T15:15:41+00:00 DEBUG tt4b_product_sync: missing access token for tt4b_product_sync
2023-03-08T15:15:56+00:00 DEBUG tt4b_product_sync: missing access token for tt4b_product_sync
2023-03-08T15:17:56+00:00 DEBUG tt4b_product_sync: missing access token for tt4b_product_sync
2023-03-08T15:22:34+00:00 DEBUG tt4b_product_sync: missing access token for tt4b_product_sync
2023-03-08T15:24:29+00:00 DEBUG Tt4b_Pixel_Class::inject_view_content_event: hit injectViewContentEvent
2023-03-08T15:24:29+00:00 DEBUG Tt4b_Pixel_Class::inject_view_content_event: Missing option "access_token"
2023-03-08T15:24:39+00:00 DEBUG Tt4b_Pixel_Class::inject_add_to_cart_event: hit injectAddToCartEvent
2023-03-08T15:24:39+00:00 DEBUG Tt4b_Pixel_Class::inject_add_to_cart_event: Missing option "access_token"
2023-03-08T15:24:40+00:00 DEBUG Tt4b_Pixel_Class::inject_view_content_event: hit injectViewContentEvent
2023-03-08T15:24:40+00:00 DEBUG Tt4b_Pixel_Class::inject_view_content_event: Missing option "access_token"
2023-03-08T15:24:49+00:00 DEBUG Tt4b_Pixel_Class::inject_add_to_cart_event: hit injectAddToCartEvent
2023-03-08T15:24:49+00:00 DEBUG Tt4b_Pixel_Class::inject_add_to_cart_event: Missing option "access_token"
2023-03-08T15:24:50+00:00 DEBUG Tt4b_Pixel_Class::inject_view_content_event: hit injectViewContentEvent
2023-03-08T15:24:50+00:00 DEBUG Tt4b_Pixel_Class::inject_view_content_event: Missing option "access_token"
2023-03-08T15:25:12+00:00 DEBUG Tt4b_Pixel_Class::inject_start_checkout: hit injectStartCheckout
2023-03-08T15:25:12+00:00 DEBUG Tt4b_Pixel_Class::inject_start_checkout: Missing option "access_token"
2023-03-08T15:26:07+00:00 DEBUG Tt4b_Pixel_Class::inject_start_checkout: hit injectStartCheckout
2023-03-08T15:26:07+00:00 DEBUG Tt4b_Pixel_Class::inject_start_checkout: Missing option "access_token"
